<?xml version="1.0" encoding="UTF-8"?>
<testng-results skipped="0" failed="0" ignored="0" total="0" passed="0">
  <reporter-output>
  </reporter-output>
  <suite name="maven_00.maven_009.AppTest" duration-ms="10" started-at="2019-10-14T11:51:36Z" finished-at="2019-10-14T11:51:36Z">
    <groups>
    </groups>
    <test name="Command line test" duration-ms="10" started-at="2019-10-14T11:51:36Z" finished-at="2019-10-14T11:51:36Z">
    </test> <!-- Command line test -->
  </suite> <!-- maven_00.maven_009.AppTest -->
</testng-results>
